<?xml version="1.0" encoding="UTF-8"?>
<!-- Generated by org.testng.reporters.JUnitReportReporter -->
<testsuite hostname="EC2AMAZ-CHIJMME" failures="0" tests="5" name="Ecom_automation_Multi.SC02" time="20.153" errors="0" timestamp="2024-07-16T10:16:52 UTC" skipped="0">
  <testcase classname="Ecom_automation_Multi.SC02" name="launchMe" time="2.940"/>
  <system-out/>
  <testcase classname="Ecom_automation_Multi.SC02" name="loginMe" time="3.840"/>
  <system-out/>
  <testcase classname="Ecom_automation_Multi.SC02" name="searchMe" time="3.266"/>
  <system-out/>
  <testcase classname="Ecom_automation_Multi.SC02" name="addToCart" time="3.952"/>
  <system-out/>
  <testcase classname="Ecom_automation_Multi.SC02" name="logoutMe" time="6.155"/>
  <system-out/>
</testsuite> <!-- Ecom_automation_Multi.SC02 -->
