<?xml version="1.0" encoding="UTF-8"?>
<!-- Generated by org.testng.reporters.JUnitReportReporter -->
<testsuite hostname="EC2AMAZ-CHIJMME" failures="0" tests="4" name="Ecom_automation_Multi.SC01" time="9.296" errors="0" timestamp="2024-07-16T10:16:52 UTC" skipped="0">
  <testcase classname="Ecom_automation_Multi.SC01" name="loginMe" time="3.878"/>
  <system-out/>
  <testcase classname="Ecom_automation_Multi.SC01" name="searchMe" time="3.304"/>
  <system-out/>
  <testcase classname="Ecom_automation_Multi.SC01" name="logoutMe" time="1.941"/>
  <system-out/>
  <testcase classname="Ecom_automation_Multi.SC01" name="closeMe" time="0.173"/>
  <system-out/>
</testsuite> <!-- Ecom_automation_Multi.SC01 -->
