<?xml version="1.0" encoding="UTF-8"?>
<!-- Generated by org.testng.reporters.JUnitReportReporter -->
<testsuite hostname="EC2AMAZ-CHIJMME" failures="0" tests="5" name="Ecom_automation_Group.Group_SC01" time="31.504" errors="0" timestamp="2024-07-24T13:33:16 UTC" skipped="0">
  <testcase classname="Ecom_automation_Group.Group_SC01" name="launchMe" time="6.271"/>
  <system-out/>
  <testcase classname="Ecom_automation_Group.Group_SC01" name="loginMe" time="19.686"/>
  <system-out/>
  <testcase classname="Ecom_automation_Group.Group_SC01" name="searchMe" time="3.369"/>
  <system-out/>
  <testcase classname="Ecom_automation_Group.Group_SC01" name="logoutMe" time="1.955"/>
  <system-out/>
  <testcase classname="Ecom_automation_Group.Group_SC01" name="closeMe" time="0.223"/>
  <system-out/>
</testsuite> <!-- Ecom_automation_Group.Group_SC01 -->
