<?xml version="1.0" encoding="UTF-8"?>
<!-- Generated by org.testng.reporters.JUnitReportReporter -->
<testsuite hostname="EC2AMAZ-CHIJMME" failures="0" tests="4" name="Ecom_automation_Group.Group_SC02" time="13.732" errors="0" timestamp="2024-07-16T10:20:10 UTC" skipped="0">
  <testcase classname="Ecom_automation_Group.Group_SC02" name="launchMe" time="3.748"/>
  <system-out/>
  <testcase classname="Ecom_automation_Group.Group_SC02" name="loginMe" time="3.848"/>
  <system-out/>
  <testcase classname="Ecom_automation_Group.Group_SC02" name="logoutMe" time="5.945"/>
  <system-out/>
  <testcase classname="Ecom_automation_Group.Group_SC02" name="closeMe" time="0.191"/>
  <system-out/>
</testsuite> <!-- Ecom_automation_Group.Group_SC02 -->
