<?xml version="1.0" encoding="UTF-8"?>
<!-- Generated by org.testng.reporters.JUnitReportReporter -->
<testsuite hostname="EC2AMAZ-CHIJMME" failures="0" tests="4" name="Ecom_automation.SC02" time="16.144" errors="0" timestamp="2024-07-16T07:09:46 UTC" skipped="0">
  <testcase classname="Ecom_automation.SC02" name="loginMe" time="3.899"/>
  <system-out/>
  <testcase classname="Ecom_automation.SC02" name="searchMe" time="3.303"/>
  <system-out/>
  <testcase classname="Ecom_automation.SC02" name="addToCart" time="3.937"/>
  <system-out/>
  <testcase classname="Ecom_automation.SC02" name="logoutMe" time="5.005"/>
  <system-out/>
</testsuite> <!-- Ecom_automation.SC02 -->
