<?xml version="1.0" encoding="UTF-8"?>
<!-- Generated by org.testng.reporters.JUnitReportReporter -->
<testsuite hostname="EC2AMAZ-CHIJMME" failures="0" tests="3" name="Ecom_automation.SC01" time="9.130" errors="0" timestamp="2024-07-17T09:46:16 UTC" skipped="0">
  <testcase classname="Ecom_automation.SC01" name="loginMe" time="3.892"/>
  <system-out/>
  <testcase classname="Ecom_automation.SC01" name="searchMe" time="3.304"/>
  <system-out/>
  <testcase classname="Ecom_automation.SC01" name="logoutMe" time="1.934"/>
  <system-out/>
</testsuite> <!-- Ecom_automation.SC01 -->
