<?xml version="1.0" encoding="UTF-8"?>
<!-- Generated by org.testng.reporters.JUnitReportReporter -->
<testsuite hostname="EC2AMAZ-CHIJMME" failures="0" tests="2" name="SC02_test.testclass" time="18.250" errors="0" timestamp="2024-07-13T02:35:34 UTC" skipped="0">
  <testcase classname="SC02_test.testclass" name="method_login" time="8.220"/>
  <system-out/>
  <testcase classname="SC02_test.testclass" name="method_logout" time="10.030"/>
  <system-out/>
</testsuite> <!-- SC02_test.testclass -->
