<?xml version="1.0" encoding="UTF-8"?>
<!-- Generated by org.testng.reporters.JUnitReportReporter -->
<testsuite hostname="EC2AMAZ-CHIJMME" failures="0" tests="1" name="postRequest.captureResponse" time="2.108" errors="0" timestamp="2024-07-26T12:49:49 UTC" skipped="0">
  <testcase classname="postRequest.captureResponse" name="getSingle" time="2.108"/>
  <system-out/>
</testsuite> <!-- postRequest.captureResponse -->
