<?xml version="1.0" encoding="UTF-8"?>
<!-- Generated by org.testng.reporters.JUnitReportReporter -->
<testsuite hostname="EC2AMAZ-CHIJMME" failures="0" tests="6" name="api.test.UserDDTest" time="9.041" errors="0" timestamp="2024-08-05T03:21:02 UTC" skipped="0">
  <testcase classname="api.test.UserDDTest" name="testPostuser" time="0.978"/>
  <testcase classname="api.test.UserDDTest" name="testPostuser" time="4.122"/>
  <testcase classname="api.test.UserDDTest" name="testPostuser" time="0.977"/>
  <testcase classname="api.test.UserDDTest" name="testDeleteUserByName" time="0.994"/>
  <testcase classname="api.test.UserDDTest" name="testDeleteUserByName" time="0.954"/>
  <testcase classname="api.test.UserDDTest" name="testDeleteUserByName" time="1.016"/>
</testsuite> <!-- api.test.UserDDTest -->
