<?xml version="1.0" encoding="UTF-8"?>
<!-- Generated by org.testng.reporters.JUnitReportReporter -->
<testsuite hostname="EC2AMAZ-CHIJMME" failures="0" tests="6" name="api.test.UserDDTest" time="8.318" errors="0" timestamp="2024-08-05T10:29:16 UTC" skipped="0">
  <testcase classname="api.test.UserDDTest" name="testPostuser" time="1.002"/>
  <testcase classname="api.test.UserDDTest" name="testPostuser" time="3.415"/>
  <testcase classname="api.test.UserDDTest" name="testPostuser" time="0.962"/>
  <testcase classname="api.test.UserDDTest" name="testDeleteUserByName" time="0.959"/>
  <testcase classname="api.test.UserDDTest" name="testDeleteUserByName" time="1.013"/>
  <testcase classname="api.test.UserDDTest" name="testDeleteUserByName" time="0.967"/>
</testsuite> <!-- api.test.UserDDTest -->
