<?xml version="1.0" encoding="UTF-8"?>
<!-- Generated by org.testng.reporters.JUnitReportReporter -->
<testsuite hostname="EC2AMAZ-CHIJMME" failures="0" tests="6" name="api.test.UserDDTest" time="8.963" errors="0" timestamp="2024-08-05T08:41:36 UTC" skipped="0">
  <testcase classname="api.test.UserDDTest" name="testPostuser" time="4.074"/>
  <testcase classname="api.test.UserDDTest" name="testPostuser" time="0.990"/>
  <testcase classname="api.test.UserDDTest" name="testPostuser" time="0.972"/>
  <testcase classname="api.test.UserDDTest" name="testDeleteUserByName" time="0.971"/>
  <testcase classname="api.test.UserDDTest" name="testDeleteUserByName" time="0.999"/>
  <testcase classname="api.test.UserDDTest" name="testDeleteUserByName" time="0.957"/>
</testsuite> <!-- api.test.UserDDTest -->
